-0.1
-0.2
-0.30000000000000004
-0.4
-0.5
-0.6
-0.7
-0.7999999999999999
-0.8999999999999999
-0.9999999999999999
-11.0
-11.1
-11.2
-11.299999999999999
-11.399999999999999
-11.499999999999998
-11.599999999999998
-11.699999999999998
-11.799999999999997
-11.899999999999997
-11.999999999999996
-12.099999999999996
-12.199999999999996
-12.299999999999995
-12.399999999999995
-12.499999999999995
-12.599999999999994
-12.699999999999994
-12.799999999999994
-22.799999999999994
-22.899999999999995
-22.999999999999996
-23.099999999999998
-23.2
-23.3
-23.400000000000002
-23.500000000000004
-23.600000000000005
-23.700000000000006
-23.800000000000008
-23.90000000000001
-24.00000000000001
-24.100000000000012
-24.200000000000014
-24.300000000000015
-24.400000000000016
-24.500000000000018
-24.60000000000002
-24.70000000000002
-24.800000000000022
-24.900000000000023
-25.000000000000025
-25.100000000000026
-25.200000000000028
-25.30000000000003
-25.40000000000003
-25.500000000000032
-25.600000000000033
-25.700000000000035
-25.800000000000036
-25.900000000000038
-26.00000000000004
-26.10000000000004
-26.200000000000042
-26.300000000000043
-26.400000000000045
-26.500000000000046
-16.500000000000046
-16.600000000000048
-16.70000000000005
-16.80000000000005
-16.900000000000052
-17.000000000000053
-17.100000000000055
-17.200000000000056
-17.300000000000058
-17.40000000000006
-17.50000000000006
-17.600000000000062
-17.700000000000063
-17.800000000000065
-17.900000000000066
-18.000000000000068
-18.10000000000007
-18.20000000000007
-18.30000000000007
-18.400000000000073
-18.500000000000075
-18.600000000000076
-18.700000000000077
-18.80000000000008
-18.90000000000008
-8.90000000000008
-9.00000000000008
-9.10000000000008
-9.20000000000008
-19.20000000000008
-19.300000000000082
-19.400000000000084
-29.400000000000084
-29.500000000000085
-29.600000000000087
-29.700000000000088
-29.80000000000009
-29.90000000000009
-30.000000000000092
-30.100000000000094
-30.200000000000095
-30.300000000000097
-30.400000000000098
-30.5000000000001
-30.6000000000001
-30.700000000000102
-30.800000000000104
-30.900000000000105
-31.000000000000107
-31.100000000000108
-31.20000000000011
-31.30000000000011
-31.400000000000112
-31.500000000000114
-31.600000000000115
-31.700000000000117
-31.800000000000118
-31.90000000000012
-32.00000000000012
-32.10000000000012
-32.200000000000124
-32.300000000000125
-32.40000000000013
-32.50000000000013
-32.60000000000013
-32.70000000000013
-32.80000000000013
-32.900000000000134
-33.000000000000135
-33.100000000000136
-33.20000000000014
-33.30000000000014
-33.40000000000014
-33.50000000000014
-33.60000000000014
-33.700000000000145
-33.800000000000146
-33.90000000000015
-34.00000000000015
-34.10000000000015
-44.10000000000015
-44.20000000000015
-44.30000000000015
-44.400000000000155
-44.500000000000156
-44.60000000000016
-44.70000000000016
-44.80000000000016
-44.90000000000016
-45.00000000000016
-45.100000000000165
-45.200000000000166
-45.30000000000017
-45.40000000000017
-45.50000000000017
-45.60000000000017
-45.70000000000017
-55.70000000000017
-55.800000000000175
-55.900000000000176
-56.00000000000018
-56.10000000000018
-56.20000000000018
-56.30000000000018
-56.40000000000018
-66.40000000000018
-66.50000000000017
-66.60000000000016
-66.70000000000016
-66.80000000000015
-66.90000000000015
-67.00000000000014
-67.10000000000014
-67.20000000000013
-67.30000000000013
-67.40000000000012
-67.50000000000011
-67.60000000000011
-67.7000000000001
-67.8000000000001
-67.90000000000009
-68.00000000000009
-68.10000000000008
-78.10000000000008
-78.20000000000007
-78.30000000000007
-78.40000000000006
-78.50000000000006
-78.60000000000005
-78.70000000000005
-78.80000000000004
-78.90000000000003
-79.00000000000003
-79.10000000000002
-79.20000000000002
-79.30000000000001
-79.4
-79.5
-79.6
-79.69999999999999
-79.79999999999998
-79.89999999999998
-89.89999999999998
-89.99999999999997
-90.09999999999997
-90.19999999999996
-90.29999999999995
-90.39999999999995
-90.49999999999994
-90.59999999999994
-90.69999999999993
-90.79999999999993
-90.89999999999992
-90.99999999999991
-91.09999999999991
-91.1999999999999
-91.2999999999999
-91.39999999999989
-91.49999999999989
-91.59999999999988
-91.69999999999987
-91.79999999999987
-81.79999999999987
-81.89999999999986
-81.99999999999986
-82.09999999999985
-82.19999999999985
-82.29999999999984
-82.39999999999984
-82.49999999999983
-82.59999999999982
-82.69999999999982
-82.79999999999981
-82.8999999999998
-82.9999999999998
-83.0999999999998
-83.19999999999979
-83.29999999999978
-83.39999999999978
-83.49999999999977
-83.59999999999977
-83.69999999999976
-83.79999999999976
-83.89999999999975
-83.99999999999974
-84.09999999999974
-84.19999999999973
-84.29999999999973
-94.29999999999973
-94.39999999999972
-94.49999999999972
-104.49999999999972
-104.59999999999971
-104.6999999999997
-104.7999999999997
-104.8999999999997
-104.99999999999969
-105.09999999999968
-105.19999999999968
-105.29999999999967
-105.39999999999966
-105.49999999999966
-105.59999999999965
-105.69999999999965
-105.79999999999964
-105.89999999999964
-105.99999999999963
-106.09999999999962
-106.19999999999962
-106.29999999999961
-106.39999999999961
-106.4999999999996
-116.4999999999996
-116.5999999999996
-116.69999999999959
-116.79999999999959
-116.89999999999958
-116.99999999999957
-117.09999999999957
-117.19999999999956
-117.29999999999956
-117.39999999999955
-117.49999999999955
-117.59999999999954
-117.69999999999953
-117.79999999999953
-117.89999999999952
-117.99999999999952
-118.09999999999951
-118.1999999999995
-118.2999999999995
-118.3999999999995
-118.49999999999949
-118.59999999999948
-118.69999999999948
-118.79999999999947
-118.89999999999947
-118.99999999999946
-119.09999999999945
-119.19999999999945
-119.29999999999944
-119.39999999999944
-119.49999999999943
-119.59999999999943
-119.69999999999942
-119.79999999999941
-109.79999999999941
-109.89999999999941
-109.9999999999994
-110.0999999999994
-110.19999999999939
-110.29999999999939
-110.39999999999938
-110.49999999999937
-110.59999999999937
-110.69999999999936
-110.79999999999936
-110.89999999999935
-110.99999999999935
-111.09999999999934
-111.19999999999933
-111.29999999999933
-111.39999999999932
-111.49999999999932
-111.59999999999931
-111.6999999999993
-111.7999999999993
-111.8999999999993
-111.99999999999929
-112.09999999999928
-112.19999999999928
-112.29999999999927
-112.39999999999927
-112.49999999999926
-112.59999999999926
-122.59999999999926
-122.69999999999925
-122.79999999999924
-122.89999999999924
-122.99999999999923
-123.09999999999923
-123.19999999999922
-123.29999999999922
-123.39999999999921
-123.4999999999992
-123.5999999999992
-123.69999999999919
-123.79999999999919
-123.89999999999918
-123.99999999999918
-124.09999999999917
-124.19999999999916
-124.29999999999916
-124.39999999999915
-124.49999999999915
-124.59999999999914
-124.69999999999914
-124.79999999999913
-124.89999999999912
-124.99999999999912
-125.09999999999911
-125.19999999999911
-125.2999999999991
-125.3999999999991
-125.49999999999909
-125.59999999999908
-125.69999999999908
-125.79999999999907
-125.89999999999907
-125.99999999999906
-126.09999999999906
-136.09999999999906
-136.19999999999905
-136.29999999999905
-136.39999999999904
-136.49999999999903
-136.59999999999903
-136.69999999999902
-136.79999999999902
-136.899999999999
-136.999999999999
-137.099999999999
-137.199999999999
-137.299999999999
-137.39999999999898
-137.49999999999898
-137.59999999999897
-137.69999999999897
-147.69999999999897
-147.79999999999896
-147.89999999999895
-147.99999999999895
-148.09999999999894
-148.19999999999894
-148.29999999999893
-148.39999999999893
-148.49999999999892
-148.59999999999891
-148.6999999999989
-148.7999999999989
-148.8999999999989
-148.9999999999989
-149.0999999999989
-149.19999999999888
-149.29999999999887
-149.39999999999887
-149.49999999999886
-149.59999999999886
-139.59999999999886
-139.69999999999885
-139.79999999999885
-139.89999999999884
-139.99999999999883
-140.09999999999883
-140.19999999999882
-140.29999999999882
-140.3999999999988
-140.4999999999988
-140.5999999999988
-140.6999999999988
-140.7999999999988
-140.89999999999878
-140.99999999999878
-141.09999999999877
-141.19999999999877
-141.29999999999876
-141.39999999999876
-141.49999999999875
-141.59999999999874
-141.69999999999874
-131.69999999999874
-131.79999999999873
-131.89999999999873
-131.99999999999872
-132.09999999999872
-132.1999999999987
-132.2999999999987
-132.3999999999987
-132.4999999999987
-132.5999999999987
-132.69999999999868
-132.79999999999868
-132.89999999999867
-132.99999999999866
-133.09999999999866
-133.19999999999865
-133.29999999999865
-133.39999999999864
-133.49999999999864
-133.59999999999863
-133.69999999999862
-133.79999999999862
-133.8999999999986
-133.9999999999986
-134.0999999999986
-134.1999999999986
-134.2999999999986
-134.39999999999858
-134.49999999999858
-134.59999999999857
-134.69999999999857
-134.79999999999856
-134.89999999999856
-134.99999999999855
-135.09999999999854
-135.19999999999854
-135.29999999999853
-135.39999999999853
-135.49999999999852
-135.59999999999852
-135.6999999999985
-135.7999999999985
-135.8999999999985
-145.8999999999985
-145.9999999999985
-146.0999999999985
-146.19999999999848
-146.29999999999848
-146.39999999999847
-146.49999999999847
-146.59999999999846
-146.69999999999845
-146.79999999999845
-146.89999999999844
-146.99999999999844
-147.09999999999843
-147.19999999999843
-147.29999999999842
-147.3999999999984
-147.4999999999984
-147.5999999999984
-147.6999999999984
-147.7999999999984
-147.89999999999839
-147.99999999999838
-148.09999999999837
-148.19999999999837
-148.29999999999836
-148.39999999999836
-148.49999999999835
-148.59999999999835
-148.69999999999834
-148.79999999999833
-148.89999999999833
-148.99999999999832
-149.09999999999832
-149.1999999999983
-149.2999999999983
-149.3999999999983
-149.4999999999983
-149.5999999999983
-149.69999999999828
-149.79999999999828
-149.89999999999827
-149.99999999999827
-150.09999999999826
-150.19999999999825
-150.29999999999825
-150.39999999999824
-150.49999999999824
-150.59999999999823
-150.69999999999823
-150.79999999999822
-150.89999999999822
-150.9999999999982
-151.0999999999982
-151.1999999999982
-151.2999999999982
-151.3999999999982
-151.49999999999818
-151.59999999999818
-151.69999999999817
-151.79999999999816
-151.89999999999816
-151.99999999999815
-152.09999999999815
-152.19999999999814
-152.29999999999814
-152.39999999999813
-152.49999999999812
-152.59999999999812
-152.6999999999981
-152.7999999999981
-152.8999999999981
-152.9999999999981
-153.0999999999981
-153.19999999999808
-153.29999999999808
-153.39999999999807
-153.49999999999807
-153.59999999999806
-153.69999999999806
-153.79999999999805
-153.89999999999804
-153.99999999999804
-154.09999999999803
-154.19999999999803
-154.29999999999802
-154.39999999999802
-154.499999999998
-164.499999999998
-164.599999999998
-164.699999999998
-174.699999999998
-174.799999999998
-174.899999999998
-174.99999999999798
-175.09999999999798
-175.19999999999797
-175.29999999999797
-175.39999999999796
-175.49999999999795
-185.49999999999795
-185.59999999999795
-185.69999999999794
-185.79999999999794
-185.89999999999793
-185.99999999999793
-186.09999999999792
-186.1999999999979
-186.2999999999979
-186.3999999999979
-186.4999999999979
-186.5999999999979
-186.69999999999789
-186.79999999999788
-186.89999999999787
-186.99999999999787
-187.09999999999786
-187.19999999999786
-187.29999999999785
-187.39999999999785
-187.49999999999784
-187.59999999999783
-177.59999999999783
-177.69999999999783
-177.79999999999782
-177.89999999999782
-177.9999999999978
-178.0999999999978
-178.1999999999978
-178.2999999999978
-178.3999999999978
-178.49999999999778
-178.59999999999778
-178.69999999999777
-178.79999999999777
-178.89999999999776
-178.99999999999775
-179.09999999999775
-179.19999999999774
-179.29999999999774
-179.39999999999773
-179.49999999999773
-179.59999999999772
-179.69999999999771
-179.7999999999977
-179.8999999999977
-179.9999999999977
-180.0999999999977
-180.1999999999977
-180.29999999999768
-180.39999999999768
-180.49999999999767
-180.59999999999766
-180.69999999999766
-180.79999999999765
-180.89999999999765
-180.99999999999764
-181.09999999999764
-181.19999999999763
-181.29999999999762
-181.39999999999762
-181.4999999999976
-181.5999999999976
-181.6999999999976
-181.7999999999976
-191.7999999999976
-191.8999999999976
-191.99999999999758
-192.09999999999758
-192.19999999999757
-192.29999999999757
-192.39999999999756
-192.49999999999756
-192.59999999999755
-192.69999999999754
-192.79999999999754
-192.89999999999753
-192.99999999999753
-193.09999999999752
-193.19999999999752
-203.19999999999752
-203.2999999999975
-203.3999999999975
-203.4999999999975
-203.5999999999975
-203.6999999999975
-203.79999999999748
-203.89999999999748
-203.99999999999747
-204.09999999999746
-204.19999999999746
-204.29999999999745
-204.39999999999745
-204.49999999999744
-204.59999999999744
-204.69999999999743
-204.79999999999742
-204.89999999999742
-204.9999999999974
-205.0999999999974
-205.1999999999974
-205.2999999999974
-205.3999999999974
-205.49999999999739
-205.59999999999738
-205.69999999999737
-205.79999999999737
-205.89999999999736
-205.99999999999736
-206.09999999999735
-216.09999999999735
-216.19999999999735
-216.29999999999734
-216.39999999999733
-216.49999999999733
-216.59999999999732
-216.69999999999732
-216.7999999999973
-216.8999999999973
-216.9999999999973
-217.0999999999973
-217.1999999999973
-217.29999999999728
-217.39999999999728
-217.49999999999727
-217.59999999999727
-217.69999999999726
-217.79999999999725
-217.89999999999725
-217.99999999999724
-218.09999999999724
-218.19999999999723
-218.29999999999723
-218.39999999999722
-218.49999999999721
-218.5999999999972
-218.6999999999972
-218.7999999999972
-218.8999999999972
-218.9999999999972
-219.09999999999718
-219.19999999999717
-229.19999999999717
-229.29999999999717
-229.39999999999716
-229.49999999999716
-229.59999999999715
-229.69999999999715
-229.79999999999714
-229.89999999999714
-229.99999999999713
-230.09999999999712
-230.19999999999712
-230.2999999999971
-230.3999999999971
-230.4999999999971
-230.5999999999971
-230.6999999999971
-230.79999999999708
-230.89999999999708
-230.99999999999707
-231.09999999999707
-241.09999999999707
-241.19999999999706
-241.29999999999706
-241.39999999999705
-241.49999999999704
-241.59999999999704
-241.69999999999703
-241.79999999999703
-241.89999999999702
-241.99999999999702
-242.099999999997
-242.199999999997
-242.299999999997
-242.399999999997
-242.499999999997
-242.59999999999698
-242.69999999999698
-242.79999999999697
-242.89999999999696
-242.99999999999696
-252.99999999999696
-253.09999999999695
-253.19999999999695
-253.29999999999694
-253.39999999999694
-253.49999999999693
-253.59999999999692
-253.69999999999692
-253.7999999999969
-253.8999999999969
-253.9999999999969
-254.0999999999969
-254.1999999999969
-254.29999999999688
-254.39999999999688
-254.49999999999687
-254.59999999999687
-254.69999999999686
-254.79999999999686
-254.89999999999685
-254.99999999999685
-255.09999999999684
-255.19999999999683
-255.29999999999683
-255.39999999999682
-255.49999999999682
-255.5999999999968
-255.6999999999968
-255.7999999999968
-255.8999999999968
-255.9999999999968
-265.9999999999968
-266.09999999999684
-266.19999999999686
-266.2999999999969
-266.3999999999969
-266.49999999999693
-266.59999999999695
-266.699999999997
-266.799999999997
-266.899999999997
-266.99999999999704
-267.09999999999707
-267.1999999999971
-267.2999999999971
-267.39999999999714
-267.49999999999716
-267.5999999999972
-267.6999999999972
-267.7999999999972
-267.89999999999725
-267.99999999999727
-268.0999999999973
-268.1999999999973
-268.29999999999734
-268.39999999999736
-268.4999999999974
-268.5999999999974
-268.69999999999743
-268.79999999999745
-268.8999999999975
-268.9999999999975
-269.0999999999975
-269.19999999999754
-269.29999999999757
-269.3999999999976
-269.4999999999976
-269.59999999999764
-269.69999999999766
-269.7999999999977
-279.7999999999977
-279.8999999999977
-279.9999999999977
-280.09999999999775
-280.1999999999978
-280.2999999999978
-280.3999999999978
-280.49999999999784
-280.59999999999786
-290.59999999999786
-290.6999999999979
-290.7999999999979
-290.89999999999793
-290.99999999999795
-291.099999999998
-291.199999999998
-291.299999999998
-291.39999999999804
-291.49999999999807
-291.5999999999981
-291.6999999999981
-291.79999999999814
-291.89999999999816
-291.9999999999982
-292.0999999999982
-292.1999999999982
-292.29999999999825
-292.3999999999983
-292.4999999999983
-292.5999999999983
-292.69999999999834
-292.79999999999836
-292.8999999999984
-292.9999999999984
-293.09999999999843
-293.19999999999845
-293.2999999999985
-293.3999999999985
-293.4999999999985
-293.59999999999854
-293.69999999999857
-293.7999999999986
-293.8999999999986
-293.99999999999864
-294.09999999999866
-284.09999999999866
-284.1999999999987
-284.2999999999987
-284.3999999999987
-284.49999999999875
-284.5999999999988
-284.6999999999988
-284.7999999999988
-284.89999999999884
-284.99999999999886
-285.0999999999989
-285.1999999999989
-285.29999999999893
-285.39999999999895
-285.499999999999
-285.599999999999
-285.699999999999
-285.79999999999905
-285.89999999999907
-285.9999999999991
-286.0999999999991
-286.19999999999914
-286.29999999999916
-286.3999999999992
-286.4999999999992
-286.5999999999992
-286.69999999999925
-286.7999999999993
-286.8999999999993
-286.9999999999993
-287.09999999999934
-287.19999999999936
-287.2999999999994
-287.3999999999994
-287.49999999999943
-287.59999999999945
-287.6999999999995
-297.6999999999995
-297.7999999999995
-297.8999999999995
-297.99999999999955
-298.09999999999957
-298.1999999999996
-298.2999999999996
-298.39999999999964
-298.49999999999966
-298.5999999999997
-298.6999999999997
-298.7999999999997
-298.89999999999975
-298.9999999999998
-299.0999999999998
-299.1999999999998
-299.29999999999984
-299.39999999999986
-299.4999999999999
-299.5999999999999
-299.69999999999993
-299.79999999999995
-299.9
-300.0
-300.1
-300.20000000000005
-300.30000000000007
-300.4000000000001
-300.5000000000001
-300.60000000000014
-300.70000000000016
-300.8000000000002
-300.9000000000002
-301.0000000000002
-301.10000000000025
-301.2000000000003
-301.3000000000003
-301.4000000000003
-301.50000000000034
-301.60000000000036
-301.7000000000004
-301.8000000000004
-301.90000000000043
-302.00000000000045
-292.00000000000045
-292.1000000000005
-292.2000000000005
-292.3000000000005
-292.40000000000055
-292.50000000000057
-292.6000000000006
-292.7000000000006
-292.80000000000064
-292.90000000000066
-293.0000000000007
-293.1000000000007
-293.2000000000007
-293.30000000000075
-293.4000000000008
-293.5000000000008
-293.6000000000008
-293.70000000000084
-293.80000000000086
-293.9000000000009
-294.0000000000009
-294.10000000000093
-294.20000000000095
-294.300000000001
-294.400000000001
-294.500000000001
-294.60000000000105
-294.70000000000107
-294.8000000000011
-294.9000000000011
-295.00000000000114
-295.10000000000116
-295.2000000000012
-295.3000000000012
-295.4000000000012
-295.50000000000125
-295.6000000000013
-295.7000000000013
-295.8000000000013
-295.90000000000134
-296.00000000000136
-296.1000000000014
-296.2000000000014
-306.2000000000014
-306.30000000000143
-306.40000000000146
-306.5000000000015
-306.6000000000015
-306.7000000000015
-316.7000000000015
-316.80000000000155
-316.90000000000157
-317.0000000000016
-317.1000000000016
-317.20000000000164
-327.20000000000164
-327.30000000000166
-327.4000000000017
-327.5000000000017
-327.6000000000017
-327.70000000000175
-327.8000000000018
-327.9000000000018
-328.0000000000018
-328.10000000000184
-328.20000000000186
-328.3000000000019
-328.4000000000019
-328.50000000000193
-328.60000000000196
-328.700000000002
-328.800000000002
-328.900000000002
-329.00000000000205
-329.10000000000207
-329.2000000000021
-329.3000000000021
-329.40000000000214
-329.50000000000216
-329.6000000000022
-329.7000000000022
-329.8000000000022
-329.90000000000225
-339.90000000000225
-340.0000000000023
-340.1000000000023
-340.2000000000023
-340.30000000000234
-340.40000000000236
-340.5000000000024
-340.6000000000024
-340.70000000000243
-340.80000000000246
-340.9000000000025
-341.0000000000025
-341.1000000000025
-341.20000000000255
-341.30000000000257
-341.4000000000026
-341.5000000000026
-341.60000000000264
-341.70000000000266
-341.8000000000027
-341.9000000000027
-342.00000000000273
-342.10000000000275
-342.2000000000028
-342.3000000000028
-342.4000000000028
-342.50000000000284
-342.60000000000286
-342.7000000000029
-342.8000000000029
-342.90000000000293
-343.00000000000296
-343.100000000003
-343.200000000003
-343.300000000003
-343.40000000000305
-343.50000000000307
-343.6000000000031
-343.7000000000031
-343.80000000000314
-343.90000000000316
-344.0000000000032
-344.1000000000032
-344.20000000000323
-344.30000000000325
-344.4000000000033
-344.5000000000033
-344.6000000000033
-344.70000000000334
-344.80000000000337
-344.9000000000034
-345.0000000000034
-345.10000000000343
-345.20000000000346
-345.3000000000035
-345.4000000000035
-345.5000000000035
-345.60000000000355
-345.70000000000357
-345.8000000000036
-345.9000000000036
-346.00000000000364
-346.10000000000366
-346.2000000000037
-346.3000000000037
-346.40000000000373
-346.50000000000375
-346.6000000000038
-346.7000000000038
-346.8000000000038
-346.90000000000384
-347.00000000000387
-347.1000000000039
-347.2000000000039
-347.30000000000393
-347.40000000000396
-347.500000000004
-357.500000000004
-357.600000000004
-357.700000000004
-357.80000000000405
-357.90000000000407
-358.0000000000041
-358.1000000000041
-358.20000000000414
-358.30000000000416
-358.4000000000042
-358.5000000000042
-358.60000000000423
-358.70000000000425
-358.8000000000043
-358.9000000000043
-359.0000000000043
-359.10000000000434
-359.20000000000437
-359.3000000000044
-359.4000000000044
-359.50000000000443
-359.60000000000446
-359.7000000000045
-359.8000000000045
-359.9000000000045
-360.00000000000455
-360.10000000000457
-360.2000000000046
-360.3000000000046
-360.40000000000464
-360.50000000000466
-360.6000000000047
-360.7000000000047
-360.80000000000473
-360.90000000000475
-361.0000000000048
-361.1000000000048
-361.2000000000048
-371.2000000000048
-371.30000000000484
-371.40000000000487
-371.5000000000049
-371.6000000000049
-371.70000000000493
-371.80000000000496
-371.900000000005
-372.000000000005
-372.100000000005
-372.20000000000505
-372.30000000000507
-372.4000000000051
-372.5000000000051
-372.60000000000514
-372.70000000000516
-372.8000000000052
-372.9000000000052
-373.00000000000523
-373.10000000000525
-373.2000000000053
-373.3000000000053
-373.4000000000053
-373.50000000000534
-373.60000000000537
-373.7000000000054
-373.8000000000054
-373.90000000000543
-374.00000000000546
-374.1000000000055
-374.2000000000055
-374.3000000000055
-374.40000000000555
-374.50000000000557
-374.6000000000056
-374.7000000000056
-374.80000000000564
-374.90000000000566
-375.0000000000057
-375.1000000000057
-375.20000000000573
-375.30000000000575
-375.4000000000058
-375.5000000000058
-375.6000000000058
-375.70000000000584
-375.80000000000587
-375.9000000000059
-376.0000000000059
-376.10000000000593
-376.20000000000596
-376.300000000006
-376.400000000006
-376.500000000006
-376.60000000000605
-376.70000000000607
-376.8000000000061
-376.9000000000061
-377.00000000000614
-377.10000000000616
-377.2000000000062
-377.3000000000062
-377.40000000000623
-377.50000000000625
-377.6000000000063
-377.7000000000063
-377.8000000000063
-377.90000000000634
-378.00000000000637
-378.1000000000064
-378.2000000000064
-378.30000000000643
-378.40000000000646
-378.5000000000065
-378.6000000000065
-378.7000000000065
-378.80000000000655
-378.90000000000657
-379.0000000000066
-379.1000000000066
-379.20000000000664
-379.30000000000666
-379.4000000000067
-379.5000000000067
-379.60000000000673
-379.70000000000675
-379.8000000000068
-379.9000000000068
-380.0000000000068
-380.10000000000684
-380.20000000000687
-380.3000000000069
-380.4000000000069
-380.50000000000693
-380.60000000000696
-380.700000000007
-380.800000000007
-380.900000000007
-381.00000000000705
-381.10000000000707
-381.2000000000071
-381.3000000000071
-381.40000000000714
-381.50000000000716
-381.6000000000072
-381.7000000000072
-381.80000000000723
-381.90000000000725
-382.0000000000073
-382.1000000000073
-382.2000000000073
-382.30000000000734
-382.40000000000737
-382.5000000000074
-382.6000000000074
-382.70000000000744
-382.80000000000746
-382.9000000000075
-383.0000000000075
-383.1000000000075
-383.20000000000755
-383.30000000000757
-383.4000000000076
-383.5000000000076
-383.60000000000764
-383.70000000000766
-383.8000000000077
-383.9000000000077
-384.00000000000773
-384.10000000000775
-384.2000000000078
-384.3000000000078
-384.4000000000078
-384.50000000000784
-384.60000000000787
-384.7000000000079
-384.8000000000079
-384.90000000000794
-385.00000000000796
-385.100000000008
-385.200000000008
-385.300000000008
-385.40000000000805
-385.5000000000081
-385.6000000000081
-385.7000000000081
-385.80000000000814
-385.90000000000816
-386.0000000000082
-386.1000000000082
-386.20000000000823
-386.30000000000825
-386.4000000000083
-386.5000000000083
-386.6000000000083
-386.70000000000834
-396.70000000000834
-396.80000000000837
-396.9000000000084
-397.0000000000084
-397.10000000000844
-397.20000000000846
-397.3000000000085
-397.4000000000085
-397.5000000000085
-397.60000000000855
-397.7000000000086
-397.8000000000086
-397.9000000000086
-398.00000000000864
-398.10000000000866
-398.2000000000087
-398.3000000000087
-398.40000000000873
-398.50000000000875
-398.6000000000088
-398.7000000000088
-398.8000000000088
-398.90000000000884
-399.00000000000887
-399.1000000000089
-399.2000000000089
-399.30000000000894
-399.40000000000896
-399.500000000009
-399.600000000009
-399.700000000009
-399.80000000000905
-399.9000000000091
-400.0000000000091
-400.1000000000091
-400.20000000000914
-400.30000000000916
-400.4000000000092
-400.5000000000092
-400.60000000000923
-400.70000000000925
-400.8000000000093
-400.9000000000093
-401.0000000000093
-401.10000000000935
-401.20000000000937
-401.3000000000094
-401.4000000000094
-401.50000000000944
-401.60000000000946
-401.7000000000095
-401.8000000000095
-401.9000000000095
-402.00000000000955
-402.1000000000096
-402.2000000000096
-402.3000000000096
-402.40000000000964
-402.50000000000966
-402.6000000000097
-402.7000000000097
-402.80000000000973
-402.90000000000975
-403.0000000000098
-403.1000000000098
-403.2000000000098
-403.30000000000985
-403.40000000000987
-403.5000000000099
-403.6000000000099
-403.70000000000994
-403.80000000000996
-403.90000000001
-404.00000000001
-404.10000000001
-404.20000000001005
-404.3000000000101
-404.4000000000101
-404.5000000000101
-404.60000000001014
-404.70000000001016
-404.8000000000102
-404.9000000000102
-405.00000000001023
-405.10000000001025
-405.2000000000103
-405.3000000000103
-405.4000000000103
-405.50000000001035
-405.60000000001037
-405.7000000000104
-405.8000000000104
-405.90000000001044
-406.00000000001046
-406.1000000000105
-406.2000000000105
-406.3000000000105
-406.40000000001055
-406.5000000000106
-406.6000000000106
-406.7000000000106
-406.80000000001064
-406.90000000001066
-407.0000000000107
-407.1000000000107
-407.20000000001073
-407.30000000001075
-407.4000000000108
-407.5000000000108
-407.6000000000108
-407.70000000001085
-407.80000000001087
-407.9000000000109
-408.0000000000109
-408.10000000001094
-408.20000000001096
-408.300000000011
-408.400000000011
-408.500000000011
-408.60000000001105
-408.7000000000111
-408.8000000000111
-408.9000000000111
-409.00000000001114
-409.10000000001116
-409.2000000000112
-409.3000000000112
-409.40000000001123
-409.50000000001125
-409.6000000000113
-409.7000000000113
-409.8000000000113
-409.90000000001135
-410.00000000001137
-410.1000000000114
-410.2000000000114
-410.30000000001144
-410.40000000001146
-410.5000000000115
-410.6000000000115
-410.7000000000115
-410.80000000001155
-410.9000000000116
-411.0000000000116
-411.1000000000116
-411.20000000001164
-411.30000000001166
-411.4000000000117
-411.5000000000117
-411.60000000001173
-411.70000000001176
-411.8000000000118
-411.9000000000118
-412.0000000000118
-412.10000000001185
-412.20000000001187
-412.3000000000119
-412.4000000000119
-412.50000000001194
-412.60000000001196
-412.700000000012
-412.800000000012
-412.900000000012
-413.00000000001205
-413.1000000000121
-413.2000000000121
-413.3000000000121
-413.40000000001214
-413.50000000001216
-413.6000000000122
-413.7000000000122
-413.80000000001223
-413.90000000001226
-414.0000000000123
-414.1000000000123
-414.2000000000123
-414.30000000001235
-414.40000000001237
-414.5000000000124
-414.6000000000124
-414.70000000001244
-414.80000000001246
-414.9000000000125
-415.0000000000125
-415.1000000000125
-415.20000000001255
-415.3000000000126
-415.4000000000126
-415.5000000000126
-415.60000000001264
-415.70000000001266
-415.8000000000127
-415.9000000000127
-416.00000000001273
-416.10000000001276
-416.2000000000128
-416.3000000000128
-416.4000000000128
-416.50000000001285
-416.60000000001287
-416.7000000000129
-416.8000000000129
-416.90000000001294
-417.00000000001296
-417.100000000013
-417.200000000013
-417.30000000001303
-417.40000000001305
-417.5000000000131
-417.6000000000131
-417.7000000000131
-417.80000000001314
-427.80000000001314
-427.90000000001316
-428.0000000000132
-428.1000000000132
-428.20000000001323
-428.30000000001326
-428.4000000000133
-428.5000000000133
-428.6000000000133
-428.70000000001335
-428.80000000001337
-428.9000000000134
-429.0000000000134
-439.0000000000134
-439.10000000001344
-439.20000000001346
-439.3000000000135
-439.4000000000135
-439.50000000001353
-439.60000000001355
-439.7000000000136
-439.8000000000136
-439.9000000000136
-440.00000000001364
-440.10000000001367
-440.2000000000137
-440.3000000000137
-440.40000000001373
-440.50000000001376
-440.6000000000138
-440.7000000000138
-440.8000000000138
-440.90000000001385
-441.00000000001387
-441.1000000000139
-441.2000000000139
-441.30000000001394
-441.40000000001396
-441.500000000014
-441.600000000014
-441.70000000001403
-441.80000000001405
-441.9000000000141
-442.0000000000141
-442.1000000000141
-442.20000000001414
-442.30000000001417
-442.4000000000142
-442.5000000000142
-442.60000000001423
-442.70000000001426
-442.8000000000143
-442.9000000000143
-443.0000000000143
-443.10000000001435
-443.20000000001437
-443.3000000000144
-443.4000000000144
-443.50000000001444
-443.60000000001446
-443.7000000000145
-443.8000000000145
-443.90000000001453
-444.00000000001455
-444.1000000000146
-444.2000000000146
-444.3000000000146
-444.40000000001464
-444.50000000001467
-444.6000000000147
-444.7000000000147
-444.80000000001473
-444.90000000001476
-445.0000000000148
-445.1000000000148
-445.2000000000148
-445.30000000001485
-445.40000000001487
-445.5000000000149
-445.6000000000149
-445.70000000001494
-445.80000000001496
-445.900000000015
-446.000000000015
-446.10000000001503
-446.20000000001505
-446.3000000000151
-446.4000000000151
-446.5000000000151
-446.60000000001514
-446.70000000001517
-446.8000000000152
-446.9000000000152
-456.9000000000152
-457.00000000001523
-457.10000000001526
-457.2000000000153
-457.3000000000153
-457.4000000000153
-457.50000000001535
-457.60000000001537
-457.7000000000154
-457.8000000000154
-457.90000000001544
-458.00000000001546
-458.1000000000155
-458.2000000000155
-458.30000000001553
-458.40000000001555
-458.5000000000156
-458.6000000000156
-458.7000000000156
-458.80000000001564
-458.90000000001567
-459.0000000000157
-459.1000000000157
-459.20000000001573
-459.30000000001576
-459.4000000000158
-459.5000000000158
-459.6000000000158
-459.70000000001585
-459.80000000001587
-459.9000000000159
-460.0000000000159
-460.10000000001594
-460.20000000001596
-460.300000000016
-460.400000000016
-460.50000000001603
-460.60000000001605
-460.7000000000161
-460.8000000000161
-460.9000000000161
-461.00000000001614
-461.10000000001617
-461.2000000000162
-461.3000000000162
-461.40000000001623
-461.50000000001626
-461.6000000000163
-461.7000000000163
-461.8000000000163
-461.90000000001635
-462.00000000001637
-462.1000000000164
-462.2000000000164
-462.30000000001644
-462.40000000001646
-462.5000000000165
-462.6000000000165
-462.70000000001653
-462.80000000001655
-462.9000000000166
-463.0000000000166
-463.1000000000166
-463.20000000001664
-463.30000000001667
-463.4000000000167
-463.5000000000167
-463.60000000001673
-463.70000000001676
-463.8000000000168
-463.9000000000168
-464.0000000000168
-464.10000000001685
-464.20000000001687
-464.3000000000169
-464.4000000000169
-464.50000000001694
-464.60000000001696
-464.700000000017
-464.800000000017
-464.90000000001703
-465.00000000001705
-465.1000000000171
-465.2000000000171
-475.2000000000171
-475.3000000000171
-475.40000000001714
-475.50000000001717
-475.6000000000172
-475.7000000000172
-475.80000000001723
-475.90000000001726
-476.0000000000173
-476.1000000000173
-476.2000000000173
-476.30000000001735
-476.40000000001737
-476.5000000000174
-476.6000000000174
-476.70000000001744
-476.80000000001746
-476.9000000000175
-477.0000000000175
-477.10000000001753
-477.20000000001755
-477.3000000000176
-477.4000000000176
-477.5000000000176
-477.60000000001764
-477.70000000001767
-477.8000000000177
-477.9000000000177
-478.00000000001774
-478.10000000001776
-478.2000000000178
-478.3000000000178
-478.4000000000178
-478.50000000001785
-488.50000000001785
-488.60000000001787
-488.7000000000179
-488.8000000000179
-488.90000000001794
-489.00000000001796
-489.100000000018
-489.200000000018
-489.30000000001803
-489.40000000001805
-489.5000000000181
-489.6000000000181
-489.7000000000181
-489.80000000001814
-489.90000000001817
-490.0000000000182
-490.1000000000182
-490.20000000001824
-490.30000000001826
-490.4000000000183
-490.5000000000183
-490.6000000000183
-490.70000000001835
-490.8000000000184
-490.9000000000184
-491.0000000000184
-491.10000000001844
-491.20000000001846
-491.3000000000185
-491.4000000000185
-491.50000000001853
-491.60000000001855
-491.7000000000186
-491.8000000000186
-491.9000000000186
-492.00000000001864
-492.10000000001867
-492.2000000000187
-492.3000000000187
-492.40000000001874
-492.50000000001876
-492.6000000000188
-492.7000000000188
-492.8000000000188
-492.90000000001885
-493.0000000000189
-493.1000000000189
-493.2000000000189
-493.30000000001894
-493.40000000001896
-493.500000000019
-493.600000000019
-493.70000000001903
-493.80000000001905
-493.9000000000191
-494.0000000000191
-494.1000000000191
-494.20000000001914
-494.30000000001917
-494.4000000000192
-494.5000000000192
-494.60000000001924
-494.70000000001926
-494.8000000000193
-494.9000000000193
-495.0000000000193
-495.10000000001935
-495.2000000000194
-495.3000000000194
-495.4000000000194
-495.50000000001944
-495.60000000001946
-495.7000000000195
-495.8000000000195
-485.8000000000195
-485.90000000001953
-486.00000000001955
-486.1000000000196
-486.2000000000196
-486.3000000000196
-486.40000000001965
-486.50000000001967
-486.6000000000197
-486.7000000000197
-486.80000000001974
-486.90000000001976
-487.0000000000198
-487.1000000000198
-487.2000000000198
-487.30000000001985
-487.4000000000199
-487.5000000000199
-487.6000000000199
-487.70000000001994
-487.80000000001996
-487.90000000002
-488.00000000002
-488.10000000002003
-488.20000000002005
-488.3000000000201
-488.4000000000201
-488.5000000000201
-488.60000000002015
-488.70000000002017
-488.8000000000202
-488.9000000000202
-489.00000000002024
-489.10000000002026
-489.2000000000203
-489.3000000000203
-489.4000000000203
-489.50000000002035
-489.6000000000204
-489.7000000000204
-489.8000000000204
-489.90000000002044
-499.90000000002044
-500.00000000002046
-500.1000000000205
-500.2000000000205
-500.30000000002053
-500.40000000002055
-500.5000000000206
-500.6000000000206
-500.7000000000206
-500.80000000002065
-500.90000000002067
-501.0000000000207
-501.1000000000207
-501.20000000002074
-501.30000000002076
-501.4000000000208
-501.5000000000208
-501.6000000000208
-501.70000000002085
-501.8000000000209
-501.9000000000209
-502.0000000000209
-502.10000000002094
-502.20000000002096
-502.300000000021
-502.400000000021
-502.50000000002103
-502.60000000002105
-502.7000000000211
-502.8000000000211
-502.9000000000211
-503.00000000002115
-503.10000000002117
-503.2000000000212
-503.3000000000212
-503.40000000002124
-503.50000000002126
-503.6000000000213
-503.7000000000213
-503.8000000000213
-503.90000000002135
-504.0000000000214
-504.1000000000214
-504.2000000000214
-504.30000000002144
-504.40000000002146
-504.5000000000215
-504.6000000000215
-504.70000000002153
-504.80000000002156
-504.9000000000216
-505.0000000000216
-505.1000000000216
-505.20000000002165
-505.30000000002167
-505.4000000000217
-505.5000000000217
-505.60000000002174
-515.6000000000217
-515.7000000000218
-515.8000000000218
-515.9000000000218
-516.0000000000218
-516.1000000000219
-516.2000000000219
-516.3000000000219
-516.4000000000219
-516.5000000000219
-516.600000000022
-516.700000000022
-516.800000000022
-516.900000000022
-517.000000000022
-517.1000000000221
-517.2000000000221
-517.3000000000221
-517.4000000000221
-517.5000000000222
-517.6000000000222
-517.7000000000222
-517.8000000000222
-517.9000000000223
-518.0000000000223
-518.1000000000223
-528.1000000000223
-528.2000000000223
-528.3000000000224
-528.4000000000224
-528.5000000000224
-528.6000000000224
-528.7000000000224
-528.8000000000225
-528.9000000000225
-529.0000000000225
-529.1000000000225
-529.2000000000226
-529.3000000000226
-529.4000000000226
-529.5000000000226
-529.6000000000226
-529.7000000000227
-539.7000000000227
-539.8000000000227
-539.9000000000227
-540.0000000000227
-540.1000000000228
-540.2000000000228
-540.3000000000228
-540.4000000000228
-540.5000000000229
-540.6000000000229
-540.7000000000229
-540.8000000000229
-540.9000000000229
-541.000000000023
-541.100000000023
-541.200000000023
-541.300000000023
-541.400000000023
-541.5000000000231
-541.6000000000231
-541.7000000000231
-541.8000000000231
-541.9000000000232
-542.0000000000232
-542.1000000000232
-542.2000000000232
-542.3000000000233
-542.4000000000233
-542.5000000000233
-542.6000000000233
-542.7000000000234
-542.8000000000234
-542.9000000000234
-543.0000000000234
-543.1000000000234
-543.2000000000235
-543.3000000000235
-543.4000000000235
-543.5000000000235
-543.6000000000236
-543.7000000000236
-543.8000000000236
-543.9000000000236
-544.0000000000236
-544.1000000000237
-544.2000000000237
-544.3000000000237
-544.4000000000237
-544.5000000000238
